<?xml version="1.0" encoding="UTF-8"?>
<!-- Generated by org.testng.reporters.JUnitXMLReporter -->
<testsuite hostname="Drivezys-MacBook-Pro-3.local" ignored="0" name="Test case of Bike Filter" tests="5" failures="2" timestamp="04 Jul 2020 17:06:37 GMT" time="25.894" errors="0">
  <testcase name="test" time="0.876" classname="com.flipkart.itemsTypeTestCases.TestingItemType">
    <failure type="java.lang.Error" message="Unresolved compilation problem: 
	Unhandled exception type InterruptedException
">
      <![CDATA[java.lang.Error: Unresolved compilation problem: 
	Unhandled exception type InterruptedException

	at com.flipkart.itemsType.ItemsType.listType(ItemsType.java:29)
	at com.flipkart.itemsTypeTestCases.TestingItemType.test(TestingItemType.java:28)
... Removed 25 stack frames]]>
    </failure>
  </testcase> <!-- test -->
  <testcase name="testCaseOfWrongEmailPAssword" time="2.473" classname="com.flipkart.loginTest.TestCaseLoginWithEmail"/>
  <testcase name="testCaseCloseLoginForm" time="0.135" classname="com.flipkart.loginTest.TestCaseLoginWithEmail"/>
  <testcase name="testCaseOpenLoginForm" time="0.164" classname="com.flipkart.loginTest.TestCaseLoginWithEmail"/>
  <testcase name="testCaseOfLoginWithEmail" time="12.51" classname="com.flipkart.loginTest.TestCaseLoginWithEmail">
    <failure type="org.openqa.selenium.NoSuchElementException" message="no such element: Unable to locate element: {&amp;quot;method&amp;quot;:&amp;quot;xpath&amp;quot;,&amp;quot;selector&amp;quot;:&amp;quot;//div[contains(text(),&amp;apos;Gautam&amp;apos;)]&amp;quot;}
  (Session info: chrome=83.0.4103.116)
For documentation on this error, please visit: https://www.seleniumhq.org/exceptions/no_such_element.html
Build info: version: &amp;apos;4.0.0-alpha-1&amp;apos;, revision: &amp;apos;d1d3728cae&amp;apos;, time: &amp;apos;2019-04-24T13:42:21&amp;apos;
System info: host: &amp;apos;Drivezys-MacBook-Pro-3.local&amp;apos;, ip: &amp;apos;fe80:0:0:0:8a:9e71:757e:365c%en0&amp;apos;, os.name: &amp;apos;Mac OS X&amp;apos;, os.arch: &amp;apos;x86_64&amp;apos;, os.version: &amp;apos;10.14.5&amp;apos;, java.version: &amp;apos;1.8.0_191&amp;apos;
Driver info: org.openqa.selenium.remote.RemoteWebDriver
Capabilities {acceptInsecureCerts: false, browserName: chrome, browserVersion: 83.0.4103.116, chrome: {chromedriverVersion: 83.0.4103.39 (ccbf011cb2d2b..., userDataDir: /var/folders/qc/rqwpqw0j7gl...}, goog:chromeOptions: {debuggerAddress: localhost:52226}, javascriptEnabled: true, networkConnectionEnabled: false, pageLoadStrategy: normal, platform: MAC, platformName: MAC, proxy: Proxy(), setWindowRect: true, strictFileInteractability: false, timeouts: {implicit: 0, pageLoad: 300000, script: 30000}, unhandledPromptBehavior: dismiss and notify, webauthn:virtualAuthenticators: true, webdriver.remote.sessionid: 43836ef161561125a479addfe05...}
Session ID: 43836ef161561125a479addfe05a8f2a
*** Element info: {Using=xpath, value=//div[contains(text(),&amp;apos;Gautam&amp;apos;)]}">
      <![CDATA[org.openqa.selenium.NoSuchElementException: no such element: Unable to locate element: {"method":"xpath","selector":"//div[contains(text(),'Gautam')]"}
  (Session info: chrome=83.0.4103.116)
For documentation on this error, please visit: https://www.seleniumhq.org/exceptions/no_such_element.html
Build info: version: '4.0.0-alpha-1', revision: 'd1d3728cae', time: '2019-04-24T13:42:21'
System info: host: 'Drivezys-MacBook-Pro-3.local', ip: 'fe80:0:0:0:8a:9e71:757e:365c%en0', os.name: 'Mac OS X', os.arch: 'x86_64', os.version: '10.14.5', java.version: '1.8.0_191'
Driver info: org.openqa.selenium.remote.RemoteWebDriver
Capabilities {acceptInsecureCerts: false, browserName: chrome, browserVersion: 83.0.4103.116, chrome: {chromedriverVersion: 83.0.4103.39 (ccbf011cb2d2b..., userDataDir: /var/folders/qc/rqwpqw0j7gl...}, goog:chromeOptions: {debuggerAddress: localhost:52226}, javascriptEnabled: true, networkConnectionEnabled: false, pageLoadStrategy: normal, platform: MAC, platformName: MAC, proxy: Proxy(), setWindowRect: true, strictFileInteractability: false, timeouts: {implicit: 0, pageLoad: 300000, script: 30000}, unhandledPromptBehavior: dismiss and notify, webauthn:virtualAuthenticators: true, webdriver.remote.sessionid: 43836ef161561125a479addfe05...}
Session ID: 43836ef161561125a479addfe05a8f2a
*** Element info: {Using=xpath, value=//div[contains(text(),'Gautam')]}
	at org.openqa.selenium.remote.codec.w3c.W3CHttpResponseCodec.createException(W3CHttpResponseCodec.java:190)
	at org.openqa.selenium.remote.codec.w3c.W3CHttpResponseCodec.decode(W3CHttpResponseCodec.java:124)
	at org.openqa.selenium.remote.codec.w3c.W3CHttpResponseCodec.decode(W3CHttpResponseCodec.java:51)
	at org.openqa.selenium.remote.HttpCommandExecutor.execute(HttpCommandExecutor.java:161)
	at org.openqa.selenium.remote.RemoteWebDriver.execute(RemoteWebDriver.java:577)
	at org.openqa.selenium.remote.RemoteWebDriver.findElement(RemoteWebDriver.java:328)
	at org.openqa.selenium.remote.RemoteWebDriver.findElementByXPath(RemoteWebDriver.java:446)
	at org.openqa.selenium.By$ByXPath.findElement(By.java:353)
	at org.openqa.selenium.remote.RemoteWebDriver.findElement(RemoteWebDriver.java:320)
	at com.flipkart.login.LoginWithEmail.dynomicLoginVerification(LoginWithEmail.java:37)
	at com.flipkart.login.LoginWithEmail.tsetCaseLoginWithEmail(LoginWithEmail.java:60)
	at com.flipkart.loginTest.TestCaseLoginWithEmail.testCaseOfLoginWithEmail(TestCaseLoginWithEmail.java:53)
... Removed 29 stack frames]]>
    </failure>
  </testcase> <!-- testCaseOfLoginWithEmail -->
</testsuite> <!-- Test case of Bike Filter -->
